2021-11-16 01:12:18,200 - [DEBUG] - [GREEN] - config - (config.py).<module>(53) - debug message, color is green
2021-11-16 01:12:18,200 - [INFO] - [BLUE] - config - (config.py).<module>(54) - info message, color is blue
2021-11-16 01:12:18,200 - [WARNING] - [YELLOW] - config - (config.py).<module>(55) - warning message, color is yellow
2021-11-16 01:12:18,201 - [ERROR] - [RED] - config - (config.py).<module>(56) - error message, color is red
2021-11-16 01:12:18,201 - [CRITICAL] - [RED] - config - (config.py).<module>(57) - error message, color is red
2021-11-16 01:12:19,043 - [INFO] - [BLUE] - config - (sigma.py).xs(189) - xs sqcd evaluation starts ...
2021-11-16 01:12:19,044 - [INFO] - [BLUE] - config - (sigma.py).xs(191) - LO: [5.33899805]
2021-11-16 01:12:19,044 - [INFO] - [BLUE] - config - (sigma.py).xs(207) - order of computation: NLO
2021-11-16 01:13:36,488 - [INFO] - [BLUE] - config - (integrations.py).gginteg_sqcd(446) - delta, sub, hard, virts_qcd, virts_sqcd, e_virts_sqcd: (150.30802505120656, 1522.4645857955788, -401.63242643400275, 0.6006271513768364, array([1.61269035-0.010701j  , 0.84248423-0.00428117j,
       0.67690397-0.00391115j, 0.55908308-0.00285807j,
       0.47072036-0.00172054j, 0.40412136-0.00142959j,
       0.35050222-0.00101202j, 0.30914624+0.00019621j,
       0.27350176+0.0001943j , 0.24401881+0.00088563j,
       4.30557331-0.01689667j, 2.11522601+0.01578401j,
       1.66188722+0.02345566j, 1.35083288+0.01354417j,
       1.12170583+0.01613518j, 0.93512438+0.02810954j,
       0.77550135+0.02900161j, 0.64232579+0.03703848j,
       0.52416127+0.01769136j, 0.39049609+0.03033155j,
       0.29224431-0.00103919j, 0.33770001-0.00039964j,
       0.36479082-0.00141905j, 0.39400532-0.00162325j,
       0.42615029-0.0018256j , 0.45908155-0.00195295j,
       0.49496489-0.00066661j, 0.53326685-0.00295363j,
       0.5719478 -0.0038196j , 0.61411965+0.0011418j ,
       0.69561893-0.00373553j, 0.77546893-0.00231185j,
       0.86498038-0.00339129j, 0.95496635-0.0032502j ,
       1.04913733-0.00117038j, 1.1380179 +0.00470067j,
       1.22017493+0.00196537j, 1.31258309+0.00041644j,
       1.40733718+0.00952752j, 1.49389781-0.00060654j,
       1.55779064+0.0019972j ]), array([0.00248029, 0.00178942, 0.00160058, 0.00163317, 0.00136624,
       0.00135427, 0.00136208, 0.00127915, 0.00118182, 0.00117272,
       0.05676965, 0.03510282, 0.03330629, 0.02861212, 0.0268143 ,
       0.0261927 , 0.02437735, 0.02583605, 0.02432939, 0.02248838,
       0.00081046, 0.00121271, 0.00144446, 0.00177395, 0.00196378,
       0.00229953, 0.0025416 , 0.00318059, 0.00350505, 0.00409374,
       0.00485029, 0.00539915, 0.00699807, 0.00768429, 0.00895254,
       0.01038996, 0.01192105, 0.01390259, 0.0161168 , 0.01798544,
       0.08588546]))
2021-11-16 01:14:50,839 - [INFO] - [BLUE] - config - (sigma.py).xs(221) - gg,qg,qq channels: (array([56.59441961-0.0091003j , 55.93942402-0.00364077j,
       55.79861193-0.0033261j , 55.69841516-0.00243054j,
       55.62327009-0.00146317j, 55.56663324-0.00121575j,
       55.52103467-0.00086064j, 55.48586489+0.00016686j,
       55.45555225+0.00016524j, 55.43047948+0.00075316j,
       58.88449029-0.0143692j , 57.02178397+0.01342297j,
       56.63625741+0.01994707j, 56.37173184+0.01151818j,
       56.17687853+0.01372161j, 56.01820669+0.0239048j ,
       55.88246072+0.02466343j, 55.76920609+0.03149812j,
       55.6687171 +0.01504501j, 55.5550461 +0.02579444j,
       55.47149122-0.00088375j, 55.51014746-0.00033986j,
       55.53318592-0.00120678j, 55.5580304 -0.00138044j,
       55.585367  -0.00155252j, 55.61337226-0.00166082j,
       55.64388803-0.0005669j , 55.67646063-0.00251182j,
       55.70935553-0.00324825j, 55.74521914+0.000971j  ,
       55.81452743-0.00317676j, 55.88243315-0.00196603j,
       55.95855512-0.00288401j, 56.03508062-0.00276402j,
       56.11516513-0.00099531j, 56.19075058+0.00399753j,
       56.26061823+0.00167139j, 56.33920361+0.00035414j,
       56.41978399+0.00810236j, 56.49339654-0.00051581j,
       56.54773202+0.00169845j]), array([0.31381898-3.62998978e-06j, 0.31350096-1.34324501e-06j,
       0.31343216-1.20448139e-06j, 0.31339899-8.72069252e-07j,
       0.31334836-5.17442752e-07j, 0.31332734-4.27313628e-07j,
       0.31331203-3.01136773e-07j, 0.3132925 +5.80445692e-08j,
       0.31327352+5.71530408e-08j, 0.31326407+2.59757617e-07j,
       0.32461477-1.36311720e-05j, 0.31857643+9.44248921e-06j,
       0.31800018+1.34548287e-05j, 0.3170634 +7.19044164e-06j,
       0.31666743+8.25520400e-06j, 0.31647986+1.41171814e-05j,
       0.31613683+1.40512101e-05j, 0.31628197+1.82259535e-05j,
       0.3160091 +8.45143002e-06j, 0.31569159+1.39642236e-05j,
       0.31324691-3.03196424e-07j, 0.31329515-1.18321362e-07j,
       0.31332354-4.23688785e-07j, 0.3133615 -4.90039722e-07j,
       0.31338822-5.55343550e-07j, 0.3134286 -6.00841255e-07j,
       0.31346177-2.06961650e-07j, 0.31353287-9.34552980e-07j,
       0.31357564-1.22198801e-06j, 0.31364531+3.71736345e-07j,
       0.31374574-1.24592953e-06j, 0.31382716-7.85676940e-07j,
       0.31402203-1.20215686e-06j, 0.31412682-1.17689421e-06j,
       0.31429928-4.38047760e-07j, 0.31449471+1.82195982e-06j,
       0.31470536+7.88957624e-07j, 0.31498311+1.74457473e-07j,
       0.31530373+4.17506899e-06j, 0.31558852-2.75735697e-07j,
       0.3297257 +1.88023623e-06j])), (array([-7.24034901]), array([0.15330964])), (array([0.00034425]), array([7.00798631e-06]))
2021-11-16 01:14:50,840 - [INFO] - [BLUE] - config - (sigma.py).xs(230) - alphasggh, delta, sigmaLO, errorLO, sigmaNLO, errorNLO: (0.09788790527560179, 150.30802505120656, array([27.29306091]), array([0.09249457]), array([49.35441484-0.0091003j , 48.69941926-0.00364077j,
       48.55860717-0.0033261j , 48.4584104 -0.00243054j,
       48.38326533-0.00146317j, 48.32662848-0.00121575j,
       48.28102991-0.00086064j, 48.24586012+0.00016686j,
       48.21554749+0.00016524j, 48.19047471+0.00075316j,
       51.64448552-0.0143692j , 49.7817792 +0.01342297j,
       49.39625265+0.01994707j, 49.13172707+0.01151818j,
       48.93687377+0.01372161j, 48.77820192+0.0239048j ,
       48.64245595+0.02466343j, 48.52920133+0.03149812j,
       48.42871233+0.01504501j, 48.31504133+0.02579444j,
       48.23148645-0.00088375j, 48.2701427 -0.00033986j,
       48.29318116-0.00120678j, 48.31802563-0.00138044j,
       48.34536223-0.00155252j, 48.3733675 -0.00166082j,
       48.40388326-0.0005669j , 48.43645586-0.00251182j,
       48.46935076-0.00324825j, 48.50521438+0.000971j  ,
       48.57452267-0.00317676j, 48.64242838-0.00196603j,
       48.71855035-0.00288401j, 48.79507585-0.00276402j,
       48.87516036-0.00099531j, 48.95074581+0.00399753j,
       49.02061346+0.00167139j, 49.09919884+0.00035414j,
       49.17977923+0.00810236j, 49.25339177-0.00051581j,
       49.30772725+0.00169845j]), array([0.34926523-3.26158922e-06j, 0.34897951-1.20668575e-06j,
       0.34891771-1.08198352e-06j, 0.34888791-7.83362269e-07j,
       0.34884243-4.64793915e-07j, 0.34882355-3.83830286e-07j,
       0.3488098 -2.70490608e-07j, 0.34879226+5.21368467e-08j,
       0.3487752 +5.13354561e-08j, 0.34876672+2.33315635e-07j,
       0.35899665-1.23256854e-05j, 0.35354602+8.50852323e-06j,
       0.35302686+1.21198654e-05j, 0.35218325+6.47340792e-06j,
       0.35182681+7.43023026e-06j, 0.351658  +1.27049680e-05j,
       0.35134931+1.26429876e-05j, 0.35147991+1.64007678e-05j,
       0.35123439+7.60383629e-06j, 0.35094875+1.25613439e-05j,
       0.3487513 -2.72329713e-07j, 0.34879464-1.06278897e-07j,
       0.34882013-3.80573415e-07j, 0.34885423-4.40182657e-07j,
       0.34887823-4.98850629e-07j, 0.34891451-5.39733459e-07j,
       0.3489443 -1.85916676e-07j, 0.34900818-8.39559355e-07j,
       0.3490466 -1.09780663e-06j, 0.34910919+3.33973912e-07j,
       0.34919942-1.11943222e-06j, 0.34927257-7.05943667e-07j,
       0.34944768-1.08028687e-06j, 0.34954185-1.05765314e-06j,
       0.34969684-3.93707000e-07j, 0.34987251+1.63773010e-06j,
       0.35006187+7.09272329e-07j, 0.35031158+1.56863661e-07j,
       0.3505999 +3.75474961e-06j, 0.35085604-2.48019162e-07j,
       0.36362464+1.70495101e-06j]))
2021-11-16 01:14:50,841 - [INFO] - [BLUE] - config - (sigma.py).xs(231) - xs sqcd evaluation ends ...
