2022-03-02 14:00:59,018 - [DEBUG] - [GREEN] - config - (config.py).<module>(53) - debug message, color is green
2022-03-02 14:00:59,018 - [INFO] - [BLUE] - config - (config.py).<module>(54) - info message, color is blue
2022-03-02 14:00:59,018 - [WARNING] - [YELLOW] - config - (config.py).<module>(55) - warning message, color is yellow
2022-03-02 14:00:59,018 - [ERROR] - [RED] - config - (config.py).<module>(56) - error message, color is red
2022-03-02 14:00:59,018 - [CRITICAL] - [RED] - config - (config.py).<module>(57) - error message, color is red
2022-03-02 14:00:59,731 - [INFO] - [BLUE] - config - (renschemes.py).get_params(44) - renscheme starts ...
2022-03-02 14:00:59,731 - [INFO] - [BLUE] - config - (renschemes.py).get_params(48) - eintial: {'Sind': 1, 'lpseudo': 1, 'lam': 1, 'muRggh': 400.0, 'muFggh': 400.0, 'subtr': True, 'ptcut': False, 'rapcut': False, 'z': 0.00020408163265306123, 'sigmanull': 3.5493779254801012, 'lfh': 1.3862943611198906, 'lrh': 1.3862943611198906, 'lfr': 0.0, 'pdfnamein': 'MMHT2014nlo68cl', 'mcos': 1.7707220551656426, 'mbos': 4.904592289403224, 'mbMSbarmuR': 2.560688287901179, 'alphasggh': 0.09788790527560179, 'mbrunloop': 0, 'mh2': 40000.0, 'maxrap': 4.248495242049359, 'minrap': 0.0, 'pseudorap': True, 'ppcoll': False, 'norder': 1, 'mgl': 2500.0, 'mu': 1000.0, 'tanb': 10.0, 'mA': 200.0}
2022-03-02 14:00:59,732 - [INFO] - [BLUE] - config - (renschemes.py).get_params(49) - renormalizeSM: {'mb': 4.904592289403224, 'mbyuk': 4.18, 'gb': 1.0, 'dmb': 0.0, 'dgb': 0.0, 'gb1': array([0., 0.]), 'gb2': array([0., 0.]), 'gt1': array([0., 0.]), 'gt2': array([0., 0.])} ...
2022-03-02 14:00:59,742 - [INFO] - [BLUE] - config - (renschemes.py).get_params(56) - renormalize params: {'mt': 173.3, 'mb': 4.904592289403224, 'mbsb': 2.0213162996788565, 'mbos': 4.904592289403224, 'mbMSbarmuD': 2.356802396825004, 'msb12': 2250880.1687063295, 'msb22': 2552258.969403682, 'mst12': 1792614.092847018, 'mst22': 2763378.292824104, 'Abtree': 3346.51588337224, 'Ab': 3346.51588337224, 'Attree': 2349.86643595137, 'At': 2349.86643595137, 'thetabos': 1.556372917929469, 'thetatos': 1.1043982099686505, 'sthetab': 0.9998959844416064, 'cthetab': 0.014422908775648313, 'sthetat': 0.8931937447569321, 'cthetat': -0.44967202973621606, 's2thetab': 0.02884281713747671, 'c2thetab': -0.9995839594048986, 's2thetat': -0.8032884883050827, 'c2thetat': -0.5955901313458232, 'tanbeta': 10.0, 'mbyuk': 4.904592289403224, 'dgb': 0.0, 'dmb': array([0., 0., 0.])}
2022-03-02 14:00:59,742 - [INFO] - [BLUE] - config - (renschemes.py).get_params(59) - quarkhiggscoup: {'gth': 0.1, 'gbh': 10.0}
2022-03-02 14:00:59,742 - [INFO] - [BLUE] - config - (renschemes.py).get_params(65) - squarkhiggscoup: {'gth11': -0j, 'gth12': (7.1262933848536445-0j), 'gth21': (-7.1262933848536445+0j), 'gth22': -0j, 'gbh11': -0j, 'gbh12': (17050.84891424376-0j), 'gbh21': (-17050.84891424376+0j), 'gbh22': -0j}
2022-03-02 14:00:59,743 - [INFO] - [BLUE] - config - (renschemes.py).get_params(83) - final: {'mb': 4.904592289403224, 'mbyuk': 4.904592289403224, 'gb': 10.0, 'dmb': array([0., 0., 0.]), 'dgb': 0.0, 'gb1': 0j, 'gb2': 0j, 'gt1': 0j, 'gt2': 0j, 'Sind': 1, 'lpseudo': 1, 'lam': 1, 'muRggh': 400.0, 'muFggh': 400.0, 'subtr': True, 'ptcut': False, 'rapcut': False, 'z': 0.00020408163265306123, 'sigmanull': 3.5493779254801012, 'lfh': 1.3862943611198906, 'lrh': 1.3862943611198906, 'lfr': 0.0, 'pdfnamein': 'MMHT2014nlo68cl', 'mcos': 1.7707220551656426, 'mbos': 4.904592289403224, 'mbMSbarmuR': 2.560688287901179, 'alphasggh': 0.09788790527560179, 'mbrunloop': 0, 'mh2': 40000.0, 'maxrap': 4.248495242049359, 'minrap': 0.0, 'pseudorap': True, 'ppcoll': False, 'norder': 1, 'mgl': 2500.0, 'mu': 1000.0, 'tanb': 10.0, 'mA': 200.0, 'mt': 173.3, 'mbsb': 2.0213162996788565, 'mbMSbarmuD': 2.356802396825004, 'msb12': 2250880.1687063295, 'msb22': 2552258.969403682, 'mst12': 1792614.092847018, 'mst22': 2763378.292824104, 'Abtree': 3346.51588337224, 'Ab': 3346.51588337224, 'Attree': 2349.86643595137, 'At': 2349.86643595137, 'thetabos': 1.556372917929469, 'thetatos': 1.1043982099686505, 'sthetab': 0.9998959844416064, 'cthetab': 0.014422908775648313, 'sthetat': 0.8931937447569321, 'cthetat': -0.44967202973621606, 's2thetab': 0.02884281713747671, 'c2thetab': -0.9995839594048986, 's2thetat': -0.8032884883050827, 'c2thetat': -0.5955901313458232, 'tanbeta': 10.0, 'gth': 0.1, 'gbh': 10.0, 'gth11': -0j, 'gth12': (7.1262933848536445-0j), 'gth21': (-7.1262933848536445+0j), 'gth22': -0j, 'gbh11': -0j, 'gbh12': (17050.84891424376-0j), 'gbh21': (-17050.84891424376+0j), 'gbh22': -0j, 'gc': 0.0, 'gt': 0.1}
2022-03-02 14:00:59,743 - [INFO] - [BLUE] - config - (renschemes.py).get_params(84) - renscheme ends...
2022-03-02 14:00:59,983 - [INFO] - [BLUE] - config - (sigma.py).xs(189) - xs sqcd evaluation starts ...
2022-03-02 14:00:59,983 - [INFO] - [BLUE] - config - (sigma.py).xs(191) - LO: [0.23257109]
2022-03-02 14:00:59,984 - [INFO] - [BLUE] - config - (sigma.py).xs(207) - order of computation: NLO
2022-03-02 14:02:23,925 - [INFO] - [BLUE] - config - (integrations.py).gginteg_sqcd(446) - delta, sub, hard, virts_qcd, virts_sqcd, e_virts_sqcd: (150.30802505120656, 1522.4645857955788, -224.04674961147433, 12.645823395378416, array([1.61269035-0.010701j  , 0.84248423-0.00428117j,
       0.67690397-0.00391115j, 0.55908308-0.00285807j,
       0.47072036-0.00172054j, 0.40412136-0.00142959j,
       0.35050222-0.00101202j, 0.30914624+0.00019621j,
       0.27350176+0.0001943j , 0.24401881+0.00088563j,
       4.30557331-0.01689667j, 2.11522601+0.01578401j,
       1.66188722+0.02345566j, 1.35083288+0.01354417j,
       1.12170583+0.01613518j, 0.93512438+0.02810954j,
       0.77550135+0.02900161j, 0.64232579+0.03703848j,
       0.52416127+0.01769136j, 0.39049609+0.03033155j,
       0.29224431-0.00103919j, 0.33770001-0.00039964j,
       0.36479082-0.00141905j, 0.39400532-0.00162325j,
       0.42615029-0.0018256j , 0.45908155-0.00195295j,
       0.49496489-0.00066661j, 0.53326685-0.00295363j,
       0.5719478 -0.0038196j , 0.61411965+0.0011418j ,
       0.69561893-0.00373553j, 0.77546893-0.00231185j,
       0.86498038-0.00339129j, 0.95496635-0.0032502j ,
       1.04913733-0.00117038j, 1.1380179 +0.00470067j,
       1.22017493+0.00196537j, 1.31258309+0.00041644j,
       1.40733718+0.00952752j, 1.49389781-0.00060654j,
       1.55779064+0.0019972j ]), array([0.00248029, 0.00178942, 0.00160058, 0.00163317, 0.00136624,
       0.00135427, 0.00136208, 0.00127915, 0.00118182, 0.00117272,
       0.05676965, 0.03510282, 0.03330629, 0.02861212, 0.0268143 ,
       0.0261927 , 0.02437735, 0.02583605, 0.02432939, 0.02248838,
       0.00081046, 0.00121271, 0.00144446, 0.00177395, 0.00196378,
       0.00229953, 0.0025416 , 0.00318059, 0.00350505, 0.00409374,
       0.00485029, 0.00539915, 0.00699807, 0.00768429, 0.00895254,
       0.01038996, 0.01192105, 0.01390259, 0.0161168 , 0.01798544,
       0.08588546]))
2022-03-02 14:03:49,254 - [INFO] - [BLUE] - config - (sigma.py).xs(221) - gg,qg,qq channels: (array([3.04281376-3.96416538e-04j, 3.01428162-1.58595093e-04j,
       3.00814773-1.44887818e-04j, 3.00378308-1.05876488e-04j,
       3.0005097 -6.37369584e-05j, 2.99804255-5.29589541e-05j,
       2.99605624-3.74900649e-05j, 2.99452422+7.26844355e-06j,
       2.99320377+7.19788945e-06j, 2.99211158+3.28081798e-05j,
       3.1425711 -6.25934091e-04j, 3.0614301 +5.84715664e-04j,
       3.04463625+8.68910614e-04j, 3.0331133 +5.01741176e-04j,
       3.02462533+5.97724586e-04j, 3.01771346+1.04131246e-03j,
       3.01180025+1.07435903e-03j, 3.00686679+1.37208346e-03j,
       3.00248941+6.55372919e-04j, 2.99753781+1.12362664e-03j,
       2.99389809-3.84967119e-05j, 2.99558199-1.48046599e-05j,
       2.99658556-5.25683664e-05j, 2.99766781-6.01330260e-05j,
       2.99885861-6.76288332e-05j, 3.00007854-7.23468329e-05j,
       3.00140783-2.46944669e-05j, 3.00282672-1.09416806e-04j,
       3.00425965-1.41496525e-04j, 3.0058219 +4.22976701e-05j,
       3.00884102-1.38382166e-04j, 3.01179905-8.56420258e-05j,
       3.01511499-1.25629599e-04j, 3.0184485 -1.20403026e-04j,
       3.02193705-4.33564301e-05j, 3.02522961+1.74135454e-04j,
       3.0282731 +7.28069137e-05j, 3.03169634+1.54267878e-05j,
       3.03520649+3.52945223e-04j, 3.03841311-2.24690589e-05j,
       3.04078001+7.39858504e-05j]), array([0.01278513-3.27968956e-07j, 0.01275583-1.26359974e-07j,
       0.01274932-1.14427635e-07j, 0.01274616-8.32560824e-08j,
       0.01274131-4.97830110e-08j, 0.01273929-4.12471793e-08j,
       0.01273781-2.91383398e-08j, 0.01273591+5.63409613e-09j,
       0.01273407+5.56473648e-09j, 0.01273315+2.53307929e-08j,
       0.0135515 -8.56299229e-07j, 0.01315349+6.61771630e-07j,
       0.01311277+9.58746283e-07j, 0.01304499+5.28735326e-07j,
       0.01301565+6.16460643e-07j, 0.01300159+1.06250669e-06j,
       0.01297558+1.07393047e-06j, 0.01298663+1.38373034e-06j,
       0.01296579+6.49896715e-07j, 0.01294117+1.09135156e-06j,
       0.01273147-2.96512745e-08j, 0.01273617-1.14799499e-08j,
       0.01273892-4.09218196e-08j, 0.01274258-4.70509593e-08j,
       0.01274514-5.31044322e-08j, 0.01274899-5.71107115e-08j,
       0.01275213-1.95774607e-08j, 0.01275882-8.75264642e-08j,
       0.01276282-1.13786824e-07j, 0.01276927+3.43014263e-08j,
       0.01277848-1.13544623e-07j, 0.01278587-7.09190712e-08j,
       0.01280327-1.06234217e-07j, 0.01281248-1.02910702e-07j,
       0.01282744-3.76879165e-08j, 0.01284411+1.54131387e-07j,
       0.01286178+6.56405318e-08j, 0.01288465+1.42285585e-08j,
       0.01291053+3.33580149e-07j, 0.0129331 -2.16707450e-08j,
       0.0138639 +1.12202315e-07j])), (array([-0.27469901]), array([0.00520839])), (array([0.00038153]), array([8.70435385e-06]))
2022-03-02 14:03:49,255 - [INFO] - [BLUE] - config - (sigma.py).xs(230) - alphasggh, delta, sigmaLO, errorLO, sigmaNLO, errorNLO: (0.09788790527560179, 150.30802505120656, array([1.18890788]), array([0.00402914]), array([2.76849628-3.96416538e-04j, 2.73996414-1.58595093e-04j,
       2.73383025-1.44887818e-04j, 2.7294656 -1.05876488e-04j,
       2.72619222-6.37369584e-05j, 2.72372507-5.29589541e-05j,
       2.72173876-3.74900649e-05j, 2.72020674+7.26844355e-06j,
       2.71888629+7.19788945e-06j, 2.7177941 +3.28081798e-05j,
       2.86825362-6.25934091e-04j, 2.78711262+5.84715664e-04j,
       2.77031877+8.68910614e-04j, 2.75879582+5.01741176e-04j,
       2.75030785+5.97724586e-04j, 2.74339598+1.04131246e-03j,
       2.73748277+1.07435903e-03j, 2.73254931+1.37208346e-03j,
       2.72817193+6.55372919e-04j, 2.72322033+1.12362664e-03j,
       2.71958061-3.84967119e-05j, 2.72126451-1.48046599e-05j,
       2.72226808-5.25683664e-05j, 2.72335033-6.01330260e-05j,
       2.72454113-6.76288332e-05j, 2.72576106-7.23468329e-05j,
       2.72709035-2.46944669e-05j, 2.72850924-1.09416806e-04j,
       2.72994217-1.41496525e-04j, 2.73150442+4.22976701e-05j,
       2.73452354-1.38382166e-04j, 2.73748157-8.56420258e-05j,
       2.74079751-1.25629599e-04j, 2.74413102-1.20403026e-04j,
       2.74761957-4.33564301e-05j, 2.75091213+1.74135454e-04j,
       2.75395562+7.28069137e-05j, 2.75737886+1.54267878e-05j,
       2.76088901+3.52945223e-04j, 2.76409563-2.24690589e-05j,
       2.76646253+7.39858504e-05j]), array([0.01380532-3.03732489e-07j, 0.01377819-1.16983853e-07j,
       0.01377217-1.05929190e-07j, 0.01376925-7.70699911e-08j,
       0.01376476-4.60815237e-08j, 0.01376288-3.81794821e-08j,
       0.01376151-2.69707709e-08j, 0.01375976+5.21487092e-09j,
       0.01375805+5.15056525e-09j, 0.0137572 +2.34452342e-08j,
       0.01451794-7.99296462e-07j, 0.01414714+6.15290608e-07j,
       0.01410929+8.91031065e-07j, 0.01404633+4.91042874e-07j,
       0.01401908+5.72336880e-07j, 0.01400603+9.86309449e-07j,
       0.01398188+9.96637426e-07j, 0.01399214+1.28429201e-06j,
       0.0139728 +6.03059058e-07j, 0.01394996+1.01243077e-06j,
       0.01375565-2.74435924e-08j, 0.01376   -1.06257737e-08j,
       0.01376254-3.78781644e-08j, 0.01376592-4.35532244e-08j,
       0.01376829-4.91580997e-08j, 0.01377186-5.28689461e-08j,
       0.01377477-1.81240295e-08j, 0.01378097-8.10345729e-08j,
       0.01378466-1.05351894e-07j, 0.01379064+3.17609808e-08j,
       0.01379917-1.05146042e-07j, 0.01380601-6.56787864e-08j,
       0.01382213-9.84034824e-08j, 0.01383066-9.53346790e-08j,
       0.01384452-3.49191998e-08j, 0.01385996+1.42834456e-07j,
       0.01387634+6.08412611e-08j, 0.01389755+1.31915424e-08j,
       0.01392154+3.09354934e-07j, 0.01394247-2.01018804e-08j,
       0.01480997+1.05034772e-07j]))
2022-03-02 14:03:49,255 - [INFO] - [BLUE] - config - (sigma.py).xs(231) - xs sqcd evaluation ends ...
